[2022-10-21 23:05:12] INFO (main) Start NNI manager
[2022-10-21 23:05:12] INFO (NNIDataStore) Datastore initialization done
[2022-10-21 23:05:12] INFO (RestServer) Starting REST server at port 8086, URL prefix: "/"
[2022-10-21 23:05:12] WARNING (NNITensorboardManager) Tensorboard may not installed, if you want to use tensorboard, please check if tensorboard installed.
[2022-10-21 23:05:12] INFO (RestServer) REST server started.
[2022-10-21 23:05:12] INFO (NNIManager) Starting experiment: ws1yg2e0
[2022-10-21 23:05:12] INFO (NNIManager) Setup training service...
[2022-10-21 23:05:13] INFO (LocalTrainingService) Construct local machine training service.
[2022-10-21 23:05:13] INFO (NNIManager) Setup tuner...
[2022-10-21 23:05:13] INFO (NNIManager) Change NNIManager status from: INITIALIZED to: RUNNING
[2022-10-21 23:05:14] INFO (NNIManager) Add event listeners
[2022-10-21 23:05:14] INFO (LocalTrainingService) Run local machine training service.
[2022-10-21 23:05:15] INFO (NNIManager) NNIManager received command from dispatcher: ID, 
[2022-10-21 23:05:15] INFO (NNIManager) NNIManager received command from dispatcher: TR, {"parameter_id": 0, "parameter_source": "algorithm", "parameters": {"lr": 0.0336286860989334, "batch_size": 50}, "parameter_index": 0}
[2022-10-21 23:05:15] INFO (NNIManager) NNIManager received command from dispatcher: TR, {"parameter_id": 1, "parameter_source": "algorithm", "parameters": {"lr": 0.09247815312917491, "batch_size": 250}, "parameter_index": 0}
[2022-10-21 23:05:15] INFO (NNIManager) NNIManager received command from dispatcher: TR, {"parameter_id": 2, "parameter_source": "algorithm", "parameters": {"lr": 0.006937424340300774, "batch_size": 50}, "parameter_index": 0}
[2022-10-21 23:05:15] INFO (NNIManager) NNIManager received command from dispatcher: TR, {"parameter_id": 3, "parameter_source": "algorithm", "parameters": {"lr": 0.008776020063580733, "batch_size": 50}, "parameter_index": 0}
[2022-10-21 23:05:15] INFO (NNIManager) NNIManager received command from dispatcher: TR, {"parameter_id": 4, "parameter_source": "algorithm", "parameters": {"lr": 0.0012335661100600337, "batch_size": 250}, "parameter_index": 0}
[2022-10-21 23:05:15] INFO (NNIManager) NNIManager received command from dispatcher: TR, {"parameter_id": 5, "parameter_source": "algorithm", "parameters": {"lr": 0.008171774463585321, "batch_size": 50}, "parameter_index": 0}
[2022-10-21 23:05:15] INFO (NNIManager) NNIManager received command from dispatcher: TR, {"parameter_id": 6, "parameter_source": "algorithm", "parameters": {"lr": 0.004105348122417287, "batch_size": 500}, "parameter_index": 0}
[2022-10-21 23:05:15] INFO (NNIManager) NNIManager received command from dispatcher: TR, {"parameter_id": 7, "parameter_source": "algorithm", "parameters": {"lr": 0.0004874764471462504, "batch_size": 250}, "parameter_index": 0}
[2022-10-21 23:05:15] INFO (NNIManager) NNIManager received command from dispatcher: TR, {"parameter_id": 8, "parameter_source": "algorithm", "parameters": {"lr": 0.0009815492223797595, "batch_size": 500}, "parameter_index": 0}
[2022-10-21 23:05:15] INFO (NNIManager) NNIManager received command from dispatcher: TR, {"parameter_id": 9, "parameter_source": "algorithm", "parameters": {"lr": 0.003238718207987409, "batch_size": 500}, "parameter_index": 0}
[2022-10-21 23:05:15] INFO (NNIManager) NNIManager received command from dispatcher: TR, {"parameter_id": 10, "parameter_source": "algorithm", "parameters": {"lr": 0.0003256718991025203, "batch_size": 250}, "parameter_index": 0}
[2022-10-21 23:05:15] INFO (NNIManager) NNIManager received command from dispatcher: TR, {"parameter_id": 11, "parameter_source": "algorithm", "parameters": {"lr": 0.02736431198649403, "batch_size": 50}, "parameter_index": 0}
[2022-10-21 23:05:15] INFO (NNIManager) NNIManager received command from dispatcher: TR, {"parameter_id": 12, "parameter_source": "algorithm", "parameters": {"lr": 0.035403867749256766, "batch_size": 50}, "parameter_index": 0}
[2022-10-21 23:05:15] INFO (NNIManager) NNIManager received command from dispatcher: TR, {"parameter_id": 13, "parameter_source": "algorithm", "parameters": {"lr": 0.01863226228493965, "batch_size": 500}, "parameter_index": 0}
[2022-10-21 23:05:15] INFO (NNIManager) NNIManager received command from dispatcher: TR, {"parameter_id": 14, "parameter_source": "algorithm", "parameters": {"lr": 0.031216384131843234, "batch_size": 250}, "parameter_index": 0}
[2022-10-21 23:05:15] INFO (NNIManager) NNIManager received command from dispatcher: TR, {"parameter_id": 15, "parameter_source": "algorithm", "parameters": {"lr": 0.005823829060081358, "batch_size": 500}, "parameter_index": 0}
[2022-10-21 23:05:15] INFO (NNIManager) NNIManager received command from dispatcher: TR, {"parameter_id": 16, "parameter_source": "algorithm", "parameters": {"lr": 0.0004915791078633966, "batch_size": 50}, "parameter_index": 0}
[2022-10-21 23:05:15] INFO (NNIManager) NNIManager received command from dispatcher: TR, {"parameter_id": 17, "parameter_source": "algorithm", "parameters": {"lr": 0.0012627727674782371, "batch_size": 500}, "parameter_index": 0}
[2022-10-21 23:05:15] INFO (NNIManager) NNIManager received command from dispatcher: TR, {"parameter_id": 18, "parameter_source": "algorithm", "parameters": {"lr": 0.0005764450706420825, "batch_size": 250}, "parameter_index": 0}
[2022-10-21 23:05:15] INFO (NNIManager) NNIManager received command from dispatcher: TR, {"parameter_id": 19, "parameter_source": "algorithm", "parameters": {"lr": 0.09255171459954718, "batch_size": 50}, "parameter_index": 0}
[2022-10-21 23:05:19] INFO (NNIManager) submitTrialJob: form: {
  sequenceId: 0,
  hyperParameters: {
    value: '{"parameter_id": 0, "parameter_source": "algorithm", "parameters": {"lr": 0.0336286860989334, "batch_size": 50}, "parameter_index": 0}',
    index: 0
  },
  placementConstraint: { type: 'None', gpus: [] }
}
[2022-10-21 23:05:20] INFO (NNIManager) submitTrialJob: form: {
  sequenceId: 1,
  hyperParameters: {
    value: '{"parameter_id": 1, "parameter_source": "algorithm", "parameters": {"lr": 0.09247815312917491, "batch_size": 250}, "parameter_index": 0}',
    index: 0
  },
  placementConstraint: { type: 'None', gpus: [] }
}
[2022-10-21 23:05:20] INFO (NNIManager) submitTrialJob: form: {
  sequenceId: 2,
  hyperParameters: {
    value: '{"parameter_id": 2, "parameter_source": "algorithm", "parameters": {"lr": 0.006937424340300774, "batch_size": 50}, "parameter_index": 0}',
    index: 0
  },
  placementConstraint: { type: 'None', gpus: [] }
}
[2022-10-21 23:05:20] INFO (NNIManager) submitTrialJob: form: {
  sequenceId: 3,
  hyperParameters: {
    value: '{"parameter_id": 3, "parameter_source": "algorithm", "parameters": {"lr": 0.008776020063580733, "batch_size": 50}, "parameter_index": 0}',
    index: 0
  },
  placementConstraint: { type: 'None', gpus: [] }
}
[2022-10-21 23:05:20] INFO (NNIManager) submitTrialJob: form: {
  sequenceId: 4,
  hyperParameters: {
    value: '{"parameter_id": 4, "parameter_source": "algorithm", "parameters": {"lr": 0.0012335661100600337, "batch_size": 250}, "parameter_index": 0}',
    index: 0
  },
  placementConstraint: { type: 'None', gpus: [] }
}
[2022-10-21 23:05:20] INFO (NNIManager) submitTrialJob: form: {
  sequenceId: 5,
  hyperParameters: {
    value: '{"parameter_id": 5, "parameter_source": "algorithm", "parameters": {"lr": 0.008171774463585321, "batch_size": 50}, "parameter_index": 0}',
    index: 0
  },
  placementConstraint: { type: 'None', gpus: [] }
}
[2022-10-21 23:05:20] INFO (NNIManager) submitTrialJob: form: {
  sequenceId: 6,
  hyperParameters: {
    value: '{"parameter_id": 6, "parameter_source": "algorithm", "parameters": {"lr": 0.004105348122417287, "batch_size": 500}, "parameter_index": 0}',
    index: 0
  },
  placementConstraint: { type: 'None', gpus: [] }
}
[2022-10-21 23:05:20] INFO (NNIManager) submitTrialJob: form: {
  sequenceId: 7,
  hyperParameters: {
    value: '{"parameter_id": 7, "parameter_source": "algorithm", "parameters": {"lr": 0.0004874764471462504, "batch_size": 250}, "parameter_index": 0}',
    index: 0
  },
  placementConstraint: { type: 'None', gpus: [] }
}
[2022-10-21 23:05:20] INFO (NNIManager) submitTrialJob: form: {
  sequenceId: 8,
  hyperParameters: {
    value: '{"parameter_id": 8, "parameter_source": "algorithm", "parameters": {"lr": 0.0009815492223797595, "batch_size": 500}, "parameter_index": 0}',
    index: 0
  },
  placementConstraint: { type: 'None', gpus: [] }
}
[2022-10-21 23:05:20] INFO (NNIManager) submitTrialJob: form: {
  sequenceId: 9,
  hyperParameters: {
    value: '{"parameter_id": 9, "parameter_source": "algorithm", "parameters": {"lr": 0.003238718207987409, "batch_size": 500}, "parameter_index": 0}',
    index: 0
  },
  placementConstraint: { type: 'None', gpus: [] }
}
[2022-10-21 23:05:25] INFO (NNIManager) Trial job rKAAB status changed from WAITING to RUNNING
[2022-10-21 23:05:25] INFO (NNIManager) Trial job C4edk status changed from WAITING to RUNNING
[2022-10-21 23:05:25] INFO (NNIManager) Trial job PITSz status changed from WAITING to RUNNING
[2022-10-21 23:05:25] INFO (NNIManager) Trial job fBIlb status changed from WAITING to RUNNING
[2022-10-21 23:05:25] INFO (NNIManager) Trial job sU7Zu status changed from WAITING to RUNNING
[2022-10-21 23:05:25] INFO (NNIManager) Trial job icv8k status changed from WAITING to RUNNING
[2022-10-21 23:05:25] INFO (NNIManager) Trial job xbN7G status changed from WAITING to RUNNING
[2022-10-21 23:05:25] INFO (NNIManager) Trial job X9Z3h status changed from WAITING to RUNNING
[2022-10-21 23:05:25] INFO (NNIManager) Trial job EoAht status changed from WAITING to RUNNING
[2022-10-21 23:05:25] INFO (NNIManager) Trial job zAx96 status changed from WAITING to RUNNING
[2022-10-21 23:05:25] INFO (NNIManager) Change NNIManager status from: RUNNING to: NO_MORE_TRIAL
[2022-10-21 23:12:32] INFO (NNIManager) Trial job X9Z3h status changed from RUNNING to SUCCEEDED
[2022-10-21 23:12:32] INFO (NNIManager) Trial job EoAht status changed from RUNNING to SUCCEEDED
[2022-10-21 23:12:43] INFO (NNIManager) Trial job zAx96 status changed from RUNNING to SUCCEEDED
[2022-10-21 23:12:48] INFO (NNIManager) Trial job xbN7G status changed from RUNNING to SUCCEEDED
[2022-10-21 23:12:53] INFO (NNIManager) Trial job C4edk status changed from RUNNING to SUCCEEDED
[2022-10-21 23:12:53] INFO (NNIManager) Trial job sU7Zu status changed from RUNNING to SUCCEEDED
[2022-10-21 23:13:08] INFO (NNIManager) Trial job rKAAB status changed from RUNNING to SUCCEEDED
[2022-10-21 23:13:13] INFO (NNIManager) Trial job PITSz status changed from RUNNING to SUCCEEDED
[2022-10-21 23:13:13] INFO (NNIManager) Trial job fBIlb status changed from RUNNING to SUCCEEDED
[2022-10-21 23:13:13] INFO (NNIManager) Trial job icv8k status changed from RUNNING to SUCCEEDED
[2022-10-21 23:13:13] INFO (NNIManager) Change NNIManager status from: NO_MORE_TRIAL to: DONE
[2022-10-21 23:13:13] INFO (NNIManager) Experiment done.
[2022-10-21 23:13:14] INFO (ShutdownManager) Initiate shutdown: REST request
[2022-10-21 23:13:14] INFO (RestServer) Stopping REST server.
[2022-10-21 23:13:14] INFO (NNIManager) Change NNIManager status from: DONE to: STOPPING
[2022-10-21 23:13:14] INFO (NNIManager) Stopping experiment, cleaning up ...
[2022-10-21 23:13:16] INFO (RestServer) REST server stopped.
[2022-10-21 23:13:17] INFO (LocalTrainingService) Stopping local machine training service...
[2022-10-21 23:13:17] INFO (NNIManager) Change NNIManager status from: STOPPING to: STOPPED
[2022-10-21 23:13:17] INFO (NNIManager) Experiment stopped.
[2022-10-21 23:13:17] INFO (NNITensorboardManager) Forced stopping all tensorboard task.
[2022-10-21 23:13:17] INFO (NNITensorboardManager) All tensorboard task stopped.
[2022-10-21 23:13:17] INFO (NNITensorboardManager) Tensorboard manager stopped.
[2022-10-21 23:13:17] INFO (ShutdownManager) Shutdown complete.
[2022-10-22 11:18:55] INFO (main) Start NNI manager
[2022-10-22 11:18:55] INFO (NNIDataStore) Datastore initialization done
[2022-10-22 11:18:55] INFO (RestServer) Starting REST server at port 8087, URL prefix: "/"
[2022-10-22 11:18:55] WARNING (NNITensorboardManager) Tensorboard may not installed, if you want to use tensorboard, please check if tensorboard installed.
[2022-10-22 11:18:55] INFO (RestServer) REST server started.
[2022-10-22 11:18:55] INFO (NNIManager) Resuming experiment: ws1yg2e0
[2022-10-22 11:18:55] INFO (NNIManager) Setup training service...
[2022-10-22 11:18:55] INFO (LocalTrainingService) Construct local machine training service.
[2022-10-22 11:18:55] INFO (NNIManager) Change NNIManager status from: INITIALIZED to: VIEWED
[2022-10-22 11:19:01] INFO (ShutdownManager) Initiate shutdown: REST request
[2022-10-22 11:19:01] INFO (RestServer) Stopping REST server.
[2022-10-22 11:19:01] INFO (NNIManager) Change NNIManager status from: VIEWED to: STOPPING
[2022-10-22 11:19:01] INFO (NNIManager) Stopping experiment, cleaning up ...
[2022-10-22 11:19:01] ERROR (NNIManager) Tuner has not been setup
[2022-10-22 11:19:01] INFO (LocalTrainingService) Stopping local machine training service...
[2022-10-22 11:19:01] INFO (NNIManager) Change NNIManager status from: STOPPING to: STOPPED
[2022-10-22 11:19:01] INFO (NNIManager) Experiment stopped.
[2022-10-22 11:19:01] INFO (NNITensorboardManager) Forced stopping all tensorboard task.
[2022-10-22 11:19:01] INFO (NNITensorboardManager) All tensorboard task stopped.
[2022-10-22 11:19:01] INFO (NNITensorboardManager) Tensorboard manager stopped.
[2022-10-22 11:19:02] ERROR (NNIRestHandler) Error: SQLITE_MISUSE: Database is closed
    at Database.all (/ocean/projects/cis220070p/psengo/.conda/envs/csc791/lib/python3.10/site-packages/nni_node/node_modules/sqlite3/lib/sqlite3.js:19:27)
    at SqlDB.queryTrialJobEvent (/ocean/projects/cis220070p/psengo/.conda/envs/csc791/lib/python3.10/site-packages/nni_node/core/sqlDatabase.js:171:17)
    at NNIDataStore.queryTrialJobs (/ocean/projects/cis220070p/psengo/.conda/envs/csc791/lib/python3.10/site-packages/nni_node/core/nniDataStore.js:202:46)
    at NNIDataStore.listTrialJobs (/ocean/projects/cis220070p/psengo/.conda/envs/csc791/lib/python3.10/site-packages/nni_node/core/nniDataStore.js:119:21)
    at NNIManager.listTrialJobs (/ocean/projects/cis220070p/psengo/.conda/envs/csc791/lib/python3.10/site-packages/nni_node/core/nnimanager.js:344:31)
    at /ocean/projects/cis220070p/psengo/.conda/envs/csc791/lib/python3.10/site-packages/nni_node/rest_server/restHandler.js:210:29
    at Layer.handle [as handle_request] (/ocean/projects/cis220070p/psengo/.conda/envs/csc791/lib/python3.10/site-packages/nni_node/node_modules/express/lib/router/layer.js:95:5)
    at next (/ocean/projects/cis220070p/psengo/.conda/envs/csc791/lib/python3.10/site-packages/nni_node/node_modules/express/lib/router/route.js:137:13)
    at Route.dispatch (/ocean/projects/cis220070p/psengo/.conda/envs/csc791/lib/python3.10/site-packages/nni_node/node_modules/express/lib/router/route.js:112:3)
    at Layer.handle [as handle_request] (/ocean/projects/cis220070p/psengo/.conda/envs/csc791/lib/python3.10/site-packages/nni_node/node_modules/express/lib/router/layer.js:95:5) {
  errno: 21,
  code: 'SQLITE_MISUSE'
}
[2022-10-22 11:19:02] ERROR (NNIRestHandler) Error: SQLITE_MISUSE: Database is closed
    at Database.all (/ocean/projects/cis220070p/psengo/.conda/envs/csc791/lib/python3.10/site-packages/nni_node/node_modules/sqlite3/lib/sqlite3.js:19:27)
    at SqlDB.queryMetricData (/ocean/projects/cis220070p/psengo/.conda/envs/csc791/lib/python3.10/site-packages/nni_node/core/sqlDatabase.js:205:17)
    at NNIDataStore.getMetricData (/ocean/projects/cis220070p/psengo/.conda/envs/csc791/lib/python3.10/site-packages/nni_node/core/nniDataStore.js:147:24)
    at NNIManager.getMetricData (/ocean/projects/cis220070p/psengo/.conda/envs/csc791/lib/python3.10/site-packages/nni_node/core/nnimanager.js:306:31)
    at /ocean/projects/cis220070p/psengo/.conda/envs/csc791/lib/python3.10/site-packages/nni_node/rest_server/restHandler.js:250:29
    at Layer.handle [as handle_request] (/ocean/projects/cis220070p/psengo/.conda/envs/csc791/lib/python3.10/site-packages/nni_node/node_modules/express/lib/router/layer.js:95:5)
    at next (/ocean/projects/cis220070p/psengo/.conda/envs/csc791/lib/python3.10/site-packages/nni_node/node_modules/express/lib/router/route.js:137:13)
    at Route.dispatch (/ocean/projects/cis220070p/psengo/.conda/envs/csc791/lib/python3.10/site-packages/nni_node/node_modules/express/lib/router/route.js:112:3)
    at Layer.handle [as handle_request] (/ocean/projects/cis220070p/psengo/.conda/envs/csc791/lib/python3.10/site-packages/nni_node/node_modules/express/lib/router/layer.js:95:5)
    at /ocean/projects/cis220070p/psengo/.conda/envs/csc791/lib/python3.10/site-packages/nni_node/node_modules/express/lib/router/index.js:281:22 {
  errno: 21,
  code: 'SQLITE_MISUSE'
}
[2022-10-22 11:19:04] ERROR (NNIRestHandler) Error: SQLITE_MISUSE: Database is closed
    at Database.all (/ocean/projects/cis220070p/psengo/.conda/envs/csc791/lib/python3.10/site-packages/nni_node/node_modules/sqlite3/lib/sqlite3.js:19:27)
    at SqlDB.queryTrialJobEvent (/ocean/projects/cis220070p/psengo/.conda/envs/csc791/lib/python3.10/site-packages/nni_node/core/sqlDatabase.js:171:17)
    at NNIDataStore.queryTrialJobs (/ocean/projects/cis220070p/psengo/.conda/envs/csc791/lib/python3.10/site-packages/nni_node/core/nniDataStore.js:202:46)
    at NNIDataStore.listTrialJobs (/ocean/projects/cis220070p/psengo/.conda/envs/csc791/lib/python3.10/site-packages/nni_node/core/nniDataStore.js:119:21)
    at NNIManager.listTrialJobs (/ocean/projects/cis220070p/psengo/.conda/envs/csc791/lib/python3.10/site-packages/nni_node/core/nnimanager.js:344:31)
    at /ocean/projects/cis220070p/psengo/.conda/envs/csc791/lib/python3.10/site-packages/nni_node/rest_server/restHandler.js:210:29
    at Layer.handle [as handle_request] (/ocean/projects/cis220070p/psengo/.conda/envs/csc791/lib/python3.10/site-packages/nni_node/node_modules/express/lib/router/layer.js:95:5)
    at next (/ocean/projects/cis220070p/psengo/.conda/envs/csc791/lib/python3.10/site-packages/nni_node/node_modules/express/lib/router/route.js:137:13)
    at Route.dispatch (/ocean/projects/cis220070p/psengo/.conda/envs/csc791/lib/python3.10/site-packages/nni_node/node_modules/express/lib/router/route.js:112:3)
    at Layer.handle [as handle_request] (/ocean/projects/cis220070p/psengo/.conda/envs/csc791/lib/python3.10/site-packages/nni_node/node_modules/express/lib/router/layer.js:95:5) {
  errno: 21,
  code: 'SQLITE_MISUSE'
}
[2022-10-22 11:19:04] ERROR (NNIRestHandler) Error: SQLITE_MISUSE: Database is closed
    at Database.all (/ocean/projects/cis220070p/psengo/.conda/envs/csc791/lib/python3.10/site-packages/nni_node/node_modules/sqlite3/lib/sqlite3.js:19:27)
    at SqlDB.queryMetricData (/ocean/projects/cis220070p/psengo/.conda/envs/csc791/lib/python3.10/site-packages/nni_node/core/sqlDatabase.js:205:17)
    at NNIDataStore.getMetricData (/ocean/projects/cis220070p/psengo/.conda/envs/csc791/lib/python3.10/site-packages/nni_node/core/nniDataStore.js:147:24)
    at NNIManager.getMetricData (/ocean/projects/cis220070p/psengo/.conda/envs/csc791/lib/python3.10/site-packages/nni_node/core/nnimanager.js:306:31)
    at /ocean/projects/cis220070p/psengo/.conda/envs/csc791/lib/python3.10/site-packages/nni_node/rest_server/restHandler.js:250:29
    at Layer.handle [as handle_request] (/ocean/projects/cis220070p/psengo/.conda/envs/csc791/lib/python3.10/site-packages/nni_node/node_modules/express/lib/router/layer.js:95:5)
    at next (/ocean/projects/cis220070p/psengo/.conda/envs/csc791/lib/python3.10/site-packages/nni_node/node_modules/express/lib/router/route.js:137:13)
    at Route.dispatch (/ocean/projects/cis220070p/psengo/.conda/envs/csc791/lib/python3.10/site-packages/nni_node/node_modules/express/lib/router/route.js:112:3)
    at Layer.handle [as handle_request] (/ocean/projects/cis220070p/psengo/.conda/envs/csc791/lib/python3.10/site-packages/nni_node/node_modules/express/lib/router/layer.js:95:5)
    at /ocean/projects/cis220070p/psengo/.conda/envs/csc791/lib/python3.10/site-packages/nni_node/node_modules/express/lib/router/index.js:281:22 {
  errno: 21,
  code: 'SQLITE_MISUSE'
}
[2022-10-22 11:19:08] ERROR (NNIRestHandler) Error: SQLITE_MISUSE: Database is closed
    at Database.all (/ocean/projects/cis220070p/psengo/.conda/envs/csc791/lib/python3.10/site-packages/nni_node/node_modules/sqlite3/lib/sqlite3.js:19:27)
    at SqlDB.queryTrialJobEvent (/ocean/projects/cis220070p/psengo/.conda/envs/csc791/lib/python3.10/site-packages/nni_node/core/sqlDatabase.js:171:17)
    at NNIDataStore.queryTrialJobs (/ocean/projects/cis220070p/psengo/.conda/envs/csc791/lib/python3.10/site-packages/nni_node/core/nniDataStore.js:202:46)
    at NNIDataStore.listTrialJobs (/ocean/projects/cis220070p/psengo/.conda/envs/csc791/lib/python3.10/site-packages/nni_node/core/nniDataStore.js:119:21)
    at NNIManager.listTrialJobs (/ocean/projects/cis220070p/psengo/.conda/envs/csc791/lib/python3.10/site-packages/nni_node/core/nnimanager.js:344:31)
    at /ocean/projects/cis220070p/psengo/.conda/envs/csc791/lib/python3.10/site-packages/nni_node/rest_server/restHandler.js:210:29
    at Layer.handle [as handle_request] (/ocean/projects/cis220070p/psengo/.conda/envs/csc791/lib/python3.10/site-packages/nni_node/node_modules/express/lib/router/layer.js:95:5)
    at next (/ocean/projects/cis220070p/psengo/.conda/envs/csc791/lib/python3.10/site-packages/nni_node/node_modules/express/lib/router/route.js:137:13)
    at Route.dispatch (/ocean/projects/cis220070p/psengo/.conda/envs/csc791/lib/python3.10/site-packages/nni_node/node_modules/express/lib/router/route.js:112:3)
    at Layer.handle [as handle_request] (/ocean/projects/cis220070p/psengo/.conda/envs/csc791/lib/python3.10/site-packages/nni_node/node_modules/express/lib/router/layer.js:95:5) {
  errno: 21,
  code: 'SQLITE_MISUSE'
}
[2022-10-22 11:19:08] ERROR (NNIRestHandler) Error: SQLITE_MISUSE: Database is closed
    at Database.all (/ocean/projects/cis220070p/psengo/.conda/envs/csc791/lib/python3.10/site-packages/nni_node/node_modules/sqlite3/lib/sqlite3.js:19:27)
    at SqlDB.queryMetricData (/ocean/projects/cis220070p/psengo/.conda/envs/csc791/lib/python3.10/site-packages/nni_node/core/sqlDatabase.js:205:17)
    at NNIDataStore.getMetricData (/ocean/projects/cis220070p/psengo/.conda/envs/csc791/lib/python3.10/site-packages/nni_node/core/nniDataStore.js:147:24)
    at NNIManager.getMetricData (/ocean/projects/cis220070p/psengo/.conda/envs/csc791/lib/python3.10/site-packages/nni_node/core/nnimanager.js:306:31)
    at /ocean/projects/cis220070p/psengo/.conda/envs/csc791/lib/python3.10/site-packages/nni_node/rest_server/restHandler.js:250:29
    at Layer.handle [as handle_request] (/ocean/projects/cis220070p/psengo/.conda/envs/csc791/lib/python3.10/site-packages/nni_node/node_modules/express/lib/router/layer.js:95:5)
    at next (/ocean/projects/cis220070p/psengo/.conda/envs/csc791/lib/python3.10/site-packages/nni_node/node_modules/express/lib/router/route.js:137:13)
    at Route.dispatch (/ocean/projects/cis220070p/psengo/.conda/envs/csc791/lib/python3.10/site-packages/nni_node/node_modules/express/lib/router/route.js:112:3)
    at Layer.handle [as handle_request] (/ocean/projects/cis220070p/psengo/.conda/envs/csc791/lib/python3.10/site-packages/nni_node/node_modules/express/lib/router/layer.js:95:5)
    at /ocean/projects/cis220070p/psengo/.conda/envs/csc791/lib/python3.10/site-packages/nni_node/node_modules/express/lib/router/index.js:281:22 {
  errno: 21,
  code: 'SQLITE_MISUSE'
}
[2022-10-22 11:19:13] INFO (RestServer) REST server stopped.
[2022-10-22 11:19:13] INFO (ShutdownManager) Shutdown complete.
[2022-10-22 11:25:16] INFO (main) Start NNI manager
[2022-10-22 11:25:16] INFO (NNIDataStore) Datastore initialization done
[2022-10-22 11:25:16] INFO (RestServer) Starting REST server at port 8087, URL prefix: "/"
[2022-10-22 11:25:16] WARNING (NNITensorboardManager) Tensorboard may not installed, if you want to use tensorboard, please check if tensorboard installed.
[2022-10-22 11:25:16] INFO (RestServer) REST server started.
[2022-10-22 11:25:17] INFO (NNIManager) Resuming experiment: ws1yg2e0
[2022-10-22 11:25:17] INFO (NNIManager) Setup training service...
[2022-10-22 11:25:17] INFO (LocalTrainingService) Construct local machine training service.
[2022-10-22 11:25:17] INFO (NNIManager) Change NNIManager status from: INITIALIZED to: VIEWED
[2022-10-22 11:29:21] INFO (ShutdownManager) Initiate shutdown: REST request
[2022-10-22 11:29:21] INFO (RestServer) Stopping REST server.
[2022-10-22 11:29:21] INFO (NNIManager) Change NNIManager status from: VIEWED to: STOPPING
[2022-10-22 11:29:21] INFO (NNIManager) Stopping experiment, cleaning up ...
[2022-10-22 11:29:21] ERROR (NNIManager) Tuner has not been setup
[2022-10-22 11:29:21] INFO (LocalTrainingService) Stopping local machine training service...
[2022-10-22 11:29:21] INFO (RestServer) REST server stopped.
[2022-10-22 11:29:21] INFO (NNIManager) Change NNIManager status from: STOPPING to: STOPPED
[2022-10-22 11:29:21] INFO (NNIManager) Experiment stopped.
[2022-10-22 11:29:21] INFO (NNITensorboardManager) Forced stopping all tensorboard task.
[2022-10-22 11:29:21] INFO (NNITensorboardManager) All tensorboard task stopped.
[2022-10-22 11:29:21] INFO (NNITensorboardManager) Tensorboard manager stopped.
[2022-10-22 11:29:21] INFO (ShutdownManager) Shutdown complete.
